{"D:\\AxeSnk\\Frontend\\projects\\practices\\slider\\src\\MVP\\View\\Fill\\Fill.ts": {"path":"D:\\AxeSnk\\Frontend\\projects\\practices\\slider\\src\\MVP\\View\\Fill\\Fill.ts","statementMap":{"0":{"start":{"line":1,"column":0},"end":{"line":1,"column":54}},"1":{"start":{"line":12,"column":4},"end":{"line":12,"column":25}},"2":{"start":{"line":13,"column":4},"end":{"line":13,"column":64}},"3":{"start":{"line":14,"column":4},"end":{"line":14,"column":16}},"4":{"start":{"line":15,"column":4},"end":{"line":15,"column":49}},"5":{"start":{"line":21,"column":8},"end":{"line":21,"column":11}},"6":{"start":{"line":22,"column":19},"end":{"line":24,"column":39}},"7":{"start":{"line":25,"column":18},"end":{"line":25,"column":49}},"8":{"start":{"line":27,"column":26},"end":{"line":27,"column":55}},"9":{"start":{"line":28,"column":25},"end":{"line":28,"column":53}},"10":{"start":{"line":30,"column":4},"end":{"line":46,"column":null}},"11":{"start":{"line":31,"column":6},"end":{"line":31,"column":32}},"12":{"start":{"line":32,"column":6},"end":{"line":32,"column":33}},"13":{"start":{"line":33,"column":6},"end":{"line":33,"column":51}},"14":{"start":{"line":34,"column":6},"end":{"line":34,"column":32}},"15":{"start":{"line":35,"column":6},"end":{"line":37,"column":null}},"16":{"start":{"line":36,"column":8},"end":{"line":36,"column":49}},"17":{"start":{"line":39,"column":6},"end":{"line":39,"column":31}},"18":{"start":{"line":40,"column":6},"end":{"line":40,"column":34}},"19":{"start":{"line":41,"column":6},"end":{"line":41,"column":50}},"20":{"start":{"line":42,"column":6},"end":{"line":42,"column":33}},"21":{"start":{"line":43,"column":6},"end":{"line":45,"column":null}},"22":{"start":{"line":44,"column":8},"end":{"line":44,"column":50}},"23":{"start":{"line":50,"column":4},"end":{"line":50,"column":39}},"24":{"start":{"line":54,"column":4},"end":{"line":54,"column":21}},"25":{"start":{"line":58,"column":0},"end":{"line":58,"column":20}}},"fnMap":{"0":{"name":"(anonymous_1)","decl":{"start":{"line":11,"column":2},"end":{"line":11,"column":14}},"loc":{"start":{"line":11,"column":33},"end":{"line":16,"column":3}}},"1":{"name":"(anonymous_2)","decl":{"start":{"line":18,"column":9},"end":{"line":18,"column":19}},"loc":{"start":{"line":18,"column":74},"end":{"line":47,"column":3}}},"2":{"name":"(anonymous_3)","decl":{"start":{"line":49,"column":10},"end":{"line":49,"column":14}},"loc":{"start":{"line":49,"column":14},"end":{"line":51,"column":3}}},"3":{"name":"(anonymous_4)","decl":{"start":{"line":53,"column":9},"end":{"line":53,"column":16}},"loc":{"start":{"line":53,"column":16},"end":{"line":55,"column":3}}}},"branchMap":{"0":{"loc":{"start":{"line":23,"column":8},"end":{"line":23,"column":40}},"type":"cond-expr","locations":[{"start":{"line":23,"column":8},"end":{"line":23,"column":40}},{"start":{"line":24,"column":8},"end":{"line":24,"column":39}}]},"1":{"loc":{"start":{"line":30,"column":4},"end":{"line":46,"column":null}},"type":"if","locations":[{"start":{"line":30,"column":4},"end":{"line":46,"column":null}},{"start":{"line":30,"column":4},"end":{"line":46,"column":null}}]},"2":{"loc":{"start":{"line":35,"column":6},"end":{"line":37,"column":null}},"type":"if","locations":[{"start":{"line":35,"column":6},"end":{"line":37,"column":null}},{"start":{"line":35,"column":6},"end":{"line":37,"column":null}}]},"3":{"loc":{"start":{"line":43,"column":6},"end":{"line":45,"column":null}},"type":"if","locations":[{"start":{"line":43,"column":6},"end":{"line":45,"column":null}},{"start":{"line":43,"column":6},"end":{"line":45,"column":null}}]}},"s":{"0":1,"1":5,"2":5,"3":5,"4":5,"5":4,"6":4,"7":4,"8":4,"9":4,"10":4,"11":2,"12":2,"13":2,"14":2,"15":2,"16":1,"17":2,"18":2,"19":2,"20":2,"21":2,"22":1,"23":5,"24":5,"25":1},"f":{"0":5,"1":4,"2":5,"3":5},"b":{"0":[2,2],"1":[2,2],"2":[1,1],"3":[1,1]}}
,"D:\\AxeSnk\\Frontend\\projects\\practices\\slider\\src\\MVP\\View\\Handle\\Handle.ts": {"path":"D:\\AxeSnk\\Frontend\\projects\\practices\\slider\\src\\MVP\\View\\Handle\\Handle.ts","statementMap":{"0":{"start":{"line":1,"column":0},"end":{"line":1,"column":54}},"1":{"start":{"line":2,"column":0},"end":{"line":2,"column":52}},"2":{"start":{"line":3,"column":0},"end":{"line":3,"column":41}},"3":{"start":{"line":17,"column":4},"end":{"line":17,"column":12}},"4":{"start":{"line":19,"column":4},"end":{"line":19,"column":25}},"5":{"start":{"line":20,"column":4},"end":{"line":20,"column":68}},"6":{"start":{"line":21,"column":4},"end":{"line":21,"column":16}},"7":{"start":{"line":22,"column":4},"end":{"line":22,"column":23}},"8":{"start":{"line":23,"column":4},"end":{"line":23,"column":17}},"9":{"start":{"line":24,"column":4},"end":{"line":24,"column":44}},"10":{"start":{"line":30,"column":4},"end":{"line":30,"column":36}},"11":{"start":{"line":39,"column":4},"end":{"line":63,"column":null}},"12":{"start":{"line":40,"column":6},"end":{"line":40,"column":34}},"13":{"start":{"line":41,"column":21},"end":{"line":41,"column":24}},"14":{"start":{"line":42,"column":22},"end":{"line":42,"column":67}},"15":{"start":{"line":44,"column":6},"end":{"line":50,"column":null}},"16":{"start":{"line":45,"column":8},"end":{"line":45,"column":53}},"17":{"start":{"line":46,"column":13},"end":{"line":50,"column":null}},"18":{"start":{"line":47,"column":8},"end":{"line":47,"column":58}},"19":{"start":{"line":49,"column":8},"end":{"line":49,"column":59}},"20":{"start":{"line":52,"column":6},"end":{"line":52,"column":33}},"21":{"start":{"line":53,"column":20},"end":{"line":53,"column":23}},"22":{"start":{"line":54,"column":22},"end":{"line":54,"column":66}},"23":{"start":{"line":56,"column":6},"end":{"line":62,"column":null}},"24":{"start":{"line":57,"column":8},"end":{"line":57,"column":54}},"25":{"start":{"line":58,"column":13},"end":{"line":62,"column":null}},"26":{"start":{"line":59,"column":8},"end":{"line":59,"column":58}},"27":{"start":{"line":61,"column":8},"end":{"line":61,"column":60}},"28":{"start":{"line":67,"column":4},"end":{"line":69,"column":null}},"29":{"start":{"line":68,"column":6},"end":{"line":68,"column":53}},"30":{"start":{"line":70,"column":4},"end":{"line":70,"column":52}},"31":{"start":{"line":74,"column":4},"end":{"line":74,"column":23}},"32":{"start":{"line":78,"column":4},"end":{"line":78,"column":41}},"33":{"start":{"line":82,"column":4},"end":{"line":82,"column":74}},"34":{"start":{"line":83,"column":4},"end":{"line":83,"column":76}},"35":{"start":{"line":87,"column":19},"end":{"line":87,"column":46}},"36":{"start":{"line":88,"column":20},"end":{"line":90,"column":40}},"37":{"start":{"line":91,"column":20},"end":{"line":93,"column":39}},"38":{"start":{"line":94,"column":19},"end":{"line":94,"column":32}},"39":{"start":{"line":95,"column":19},"end":{"line":95,"column":32}},"40":{"start":{"line":96,"column":19},"end":{"line":96,"column":23}},"41":{"start":{"line":98,"column":4},"end":{"line":98,"column":27}},"42":{"start":{"line":100,"column":23},"end":{"line":104,"column":5}},"43":{"start":{"line":101,"column":20},"end":{"line":101,"column":81}},"44":{"start":{"line":102,"column":20},"end":{"line":102,"column":82}},"45":{"start":{"line":103,"column":6},"end":{"line":103,"column":52}},"46":{"start":{"line":106,"column":4},"end":{"line":106,"column":53}},"47":{"start":{"line":108,"column":26},"end":{"line":111,"column":5}},"48":{"start":{"line":109,"column":6},"end":{"line":109,"column":58}},"49":{"start":{"line":110,"column":6},"end":{"line":110,"column":59}},"50":{"start":{"line":113,"column":4},"end":{"line":113,"column":54}},"51":{"start":{"line":117,"column":19},"end":{"line":117,"column":46}},"52":{"start":{"line":118,"column":20},"end":{"line":120,"column":40}},"53":{"start":{"line":121,"column":20},"end":{"line":123,"column":39}},"54":{"start":{"line":124,"column":19},"end":{"line":124,"column":43}},"55":{"start":{"line":125,"column":19},"end":{"line":125,"column":43}},"56":{"start":{"line":126,"column":19},"end":{"line":126,"column":23}},"57":{"start":{"line":128,"column":4},"end":{"line":128,"column":27}},"58":{"start":{"line":130,"column":23},"end":{"line":140,"column":5}},"59":{"start":{"line":131,"column":20},"end":{"line":134,"column":32}},"60":{"start":{"line":135,"column":20},"end":{"line":138,"column":33}},"61":{"start":{"line":139,"column":6},"end":{"line":139,"column":52}},"62":{"start":{"line":142,"column":4},"end":{"line":142,"column":53}},"63":{"start":{"line":144,"column":26},"end":{"line":147,"column":5}},"64":{"start":{"line":145,"column":6},"end":{"line":145,"column":58}},"65":{"start":{"line":146,"column":6},"end":{"line":146,"column":60}},"66":{"start":{"line":149,"column":4},"end":{"line":149,"column":55}},"67":{"start":{"line":153,"column":0},"end":{"line":153,"column":22}}},"fnMap":{"0":{"name":"(anonymous_1)","decl":{"start":{"line":16,"column":2},"end":{"line":16,"column":14}},"loc":{"start":{"line":16,"column":45},"end":{"line":25,"column":3}}},"1":{"name":"(anonymous_2)","decl":{"start":{"line":27,"column":9},"end":{"line":27,"column":22}},"loc":{"start":{"line":28,"column":74},"end":{"line":31,"column":3}}},"2":{"name":"(anonymous_3)","decl":{"start":{"line":33,"column":9},"end":{"line":33,"column":21}},"loc":{"start":{"line":37,"column":21},"end":{"line":64,"column":3}}},"3":{"name":"(anonymous_4)","decl":{"start":{"line":66,"column":9},"end":{"line":66,"column":26}},"loc":{"start":{"line":66,"column":42},"end":{"line":71,"column":3}}},"4":{"name":"(anonymous_5)","decl":{"start":{"line":73,"column":9},"end":{"line":73,"column":18}},"loc":{"start":{"line":73,"column":18},"end":{"line":75,"column":3}}},"5":{"name":"(anonymous_6)","decl":{"start":{"line":77,"column":10},"end":{"line":77,"column":14}},"loc":{"start":{"line":77,"column":14},"end":{"line":79,"column":3}}},"6":{"name":"(anonymous_7)","decl":{"start":{"line":81,"column":10},"end":{"line":81,"column":21}},"loc":{"start":{"line":81,"column":21},"end":{"line":84,"column":3}}},"7":{"name":"(anonymous_8)","decl":{"start":{"line":86,"column":10},"end":{"line":86,"column":20}},"loc":{"start":{"line":86,"column":38},"end":{"line":114,"column":3}}},"8":{"name":"(anonymous_9)","decl":{"start":{"line":100,"column":23},"end":{"line":100,"column":24}},"loc":{"start":{"line":100,"column":55},"end":{"line":104,"column":5}}},"9":{"name":"(anonymous_10)","decl":{"start":{"line":108,"column":26},"end":{"line":108,"column":35}},"loc":{"start":{"line":108,"column":37},"end":{"line":111,"column":5}}},"10":{"name":"(anonymous_11)","decl":{"start":{"line":116,"column":10},"end":{"line":116,"column":21}},"loc":{"start":{"line":116,"column":39},"end":{"line":150,"column":3}}},"11":{"name":"(anonymous_12)","decl":{"start":{"line":130,"column":23},"end":{"line":130,"column":24}},"loc":{"start":{"line":130,"column":55},"end":{"line":140,"column":5}}},"12":{"name":"(anonymous_13)","decl":{"start":{"line":144,"column":26},"end":{"line":144,"column":35}},"loc":{"start":{"line":144,"column":37},"end":{"line":147,"column":5}}}},"branchMap":{"0":{"loc":{"start":{"line":39,"column":4},"end":{"line":63,"column":null}},"type":"if","locations":[{"start":{"line":39,"column":4},"end":{"line":63,"column":null}},{"start":{"line":39,"column":4},"end":{"line":63,"column":null}}]},"1":{"loc":{"start":{"line":44,"column":6},"end":{"line":50,"column":null}},"type":"if","locations":[{"start":{"line":44,"column":6},"end":{"line":50,"column":null}},{"start":{"line":44,"column":6},"end":{"line":50,"column":null}}]},"2":{"loc":{"start":{"line":46,"column":13},"end":{"line":50,"column":null}},"type":"if","locations":[{"start":{"line":46,"column":13},"end":{"line":50,"column":null}},{"start":{"line":46,"column":13},"end":{"line":50,"column":null}}]},"3":{"loc":{"start":{"line":56,"column":6},"end":{"line":62,"column":null}},"type":"if","locations":[{"start":{"line":56,"column":6},"end":{"line":62,"column":null}},{"start":{"line":56,"column":6},"end":{"line":62,"column":null}}]},"4":{"loc":{"start":{"line":58,"column":13},"end":{"line":62,"column":null}},"type":"if","locations":[{"start":{"line":58,"column":13},"end":{"line":62,"column":null}},{"start":{"line":58,"column":13},"end":{"line":62,"column":null}}]},"5":{"loc":{"start":{"line":67,"column":4},"end":{"line":69,"column":null}},"type":"if","locations":[{"start":{"line":67,"column":4},"end":{"line":69,"column":null}},{"start":{"line":67,"column":4},"end":{"line":69,"column":null}}]},"6":{"loc":{"start":{"line":89,"column":8},"end":{"line":89,"column":25}},"type":"cond-expr","locations":[{"start":{"line":89,"column":8},"end":{"line":89,"column":25}},{"start":{"line":90,"column":8},"end":{"line":90,"column":40}}]},"7":{"loc":{"start":{"line":92,"column":8},"end":{"line":92,"column":24}},"type":"cond-expr","locations":[{"start":{"line":92,"column":8},"end":{"line":92,"column":24}},{"start":{"line":93,"column":8},"end":{"line":93,"column":39}}]},"8":{"loc":{"start":{"line":119,"column":8},"end":{"line":119,"column":25}},"type":"cond-expr","locations":[{"start":{"line":119,"column":8},"end":{"line":119,"column":25}},{"start":{"line":120,"column":8},"end":{"line":120,"column":40}}]},"9":{"loc":{"start":{"line":122,"column":8},"end":{"line":122,"column":24}},"type":"cond-expr","locations":[{"start":{"line":122,"column":8},"end":{"line":122,"column":24}},{"start":{"line":123,"column":8},"end":{"line":123,"column":39}}]}},"s":{"0":1,"1":1,"2":1,"3":3,"4":3,"5":3,"6":3,"7":3,"8":3,"9":3,"10":0,"11":2,"12":1,"13":1,"14":1,"15":1,"16":0,"17":1,"18":0,"19":1,"20":1,"21":1,"22":1,"23":1,"24":0,"25":1,"26":0,"27":1,"28":0,"29":0,"30":0,"31":3,"32":3,"33":3,"34":3,"35":0,"36":0,"37":0,"38":0,"39":0,"40":0,"41":0,"42":0,"43":0,"44":0,"45":0,"46":0,"47":0,"48":0,"49":0,"50":0,"51":0,"52":0,"53":0,"54":0,"55":0,"56":0,"57":0,"58":0,"59":0,"60":0,"61":0,"62":0,"63":0,"64":0,"65":0,"66":0,"67":1},"f":{"0":3,"1":0,"2":2,"3":0,"4":3,"5":3,"6":3,"7":0,"8":0,"9":0,"10":0,"11":0,"12":0},"b":{"0":[1,1],"1":[0,1],"2":[0,1],"3":[0,1],"4":[0,1],"5":[0,0],"6":[0,0],"7":[0,0],"8":[0,0],"9":[0,0]}}
,"D:\\AxeSnk\\Frontend\\projects\\practices\\slider\\src\\MVP\\View\\Slider\\Slider.ts": {"path":"D:\\AxeSnk\\Frontend\\projects\\practices\\slider\\src\\MVP\\View\\Slider\\Slider.ts","statementMap":{"0":{"start":{"line":1,"column":0},"end":{"line":1,"column":54}},"1":{"start":{"line":2,"column":0},"end":{"line":2,"column":52}},"2":{"start":{"line":12,"column":4},"end":{"line":12,"column":12}},"3":{"start":{"line":14,"column":4},"end":{"line":14,"column":25}},"4":{"start":{"line":15,"column":4},"end":{"line":15,"column":69}},"5":{"start":{"line":16,"column":4},"end":{"line":16,"column":16}},"6":{"start":{"line":17,"column":4},"end":{"line":17,"column":23}},"7":{"start":{"line":21,"column":4},"end":{"line":25,"column":null}},"8":{"start":{"line":22,"column":6},"end":{"line":22,"column":51}},"9":{"start":{"line":24,"column":6},"end":{"line":24,"column":54}},"10":{"start":{"line":29,"column":4},"end":{"line":31,"column":null}},"11":{"start":{"line":30,"column":6},"end":{"line":30,"column":53}},"12":{"start":{"line":32,"column":4},"end":{"line":32,"column":52}},"13":{"start":{"line":36,"column":4},"end":{"line":38,"column":null}},"14":{"start":{"line":37,"column":6},"end":{"line":37,"column":38}},"15":{"start":{"line":39,"column":4},"end":{"line":39,"column":35}},"16":{"start":{"line":43,"column":4},"end":{"line":43,"column":23}},"17":{"start":{"line":47,"column":4},"end":{"line":47,"column":41}},"18":{"start":{"line":51,"column":4},"end":{"line":51,"column":71}},"19":{"start":{"line":55,"column":19},"end":{"line":55,"column":53}},"20":{"start":{"line":56,"column":20},"end":{"line":56,"column":55}},"21":{"start":{"line":57,"column":20},"end":{"line":57,"column":54}},"22":{"start":{"line":58,"column":19},"end":{"line":58,"column":32}},"23":{"start":{"line":59,"column":19},"end":{"line":59,"column":32}},"24":{"start":{"line":61,"column":18},"end":{"line":61,"column":34}},"25":{"start":{"line":62,"column":18},"end":{"line":62,"column":34}},"26":{"start":{"line":64,"column":4},"end":{"line":64,"column":47}},"27":{"start":{"line":68,"column":0},"end":{"line":68,"column":22}}},"fnMap":{"0":{"name":"(anonymous_1)","decl":{"start":{"line":11,"column":2},"end":{"line":11,"column":14}},"loc":{"start":{"line":11,"column":33},"end":{"line":18,"column":3}}},"1":{"name":"(anonymous_2)","decl":{"start":{"line":20,"column":9},"end":{"line":20,"column":15}},"loc":{"start":{"line":20,"column":31},"end":{"line":26,"column":3}}},"2":{"name":"(anonymous_3)","decl":{"start":{"line":28,"column":9},"end":{"line":28,"column":20}},"loc":{"start":{"line":28,"column":36},"end":{"line":33,"column":3}}},"3":{"name":"(anonymous_4)","decl":{"start":{"line":35,"column":9},"end":{"line":35,"column":18}},"loc":{"start":{"line":35,"column":34},"end":{"line":40,"column":3}}},"4":{"name":"(anonymous_5)","decl":{"start":{"line":42,"column":9},"end":{"line":42,"column":19}},"loc":{"start":{"line":42,"column":19},"end":{"line":44,"column":3}}},"5":{"name":"(anonymous_6)","decl":{"start":{"line":46,"column":10},"end":{"line":46,"column":14}},"loc":{"start":{"line":46,"column":14},"end":{"line":48,"column":3}}},"6":{"name":"(anonymous_7)","decl":{"start":{"line":50,"column":10},"end":{"line":50,"column":21}},"loc":{"start":{"line":50,"column":21},"end":{"line":52,"column":3}}},"7":{"name":"(anonymous_8)","decl":{"start":{"line":54,"column":10},"end":{"line":54,"column":21}},"loc":{"start":{"line":54,"column":39},"end":{"line":65,"column":3}}}},"branchMap":{"0":{"loc":{"start":{"line":21,"column":4},"end":{"line":25,"column":null}},"type":"if","locations":[{"start":{"line":21,"column":4},"end":{"line":25,"column":null}},{"start":{"line":21,"column":4},"end":{"line":25,"column":null}}]},"1":{"loc":{"start":{"line":29,"column":4},"end":{"line":31,"column":null}},"type":"if","locations":[{"start":{"line":29,"column":4},"end":{"line":31,"column":null}},{"start":{"line":29,"column":4},"end":{"line":31,"column":null}}]},"2":{"loc":{"start":{"line":36,"column":4},"end":{"line":38,"column":null}},"type":"if","locations":[{"start":{"line":36,"column":4},"end":{"line":38,"column":null}},{"start":{"line":36,"column":4},"end":{"line":38,"column":null}}]}},"s":{"0":1,"1":1,"2":1,"3":1,"4":1,"5":1,"6":1,"7":2,"8":1,"9":1,"10":0,"11":0,"12":0,"13":0,"14":0,"15":0,"16":3,"17":1,"18":1,"19":0,"20":0,"21":0,"22":0,"23":0,"24":0,"25":0,"26":0,"27":1},"f":{"0":1,"1":2,"2":0,"3":0,"4":3,"5":1,"6":1,"7":0},"b":{"0":[1,1],"1":[0,0],"2":[0,0]}}
,"D:\\AxeSnk\\Frontend\\projects\\practices\\slider\\src\\MVP\\View\\Tooltip\\Tooltip.ts": {"path":"D:\\AxeSnk\\Frontend\\projects\\practices\\slider\\src\\MVP\\View\\Tooltip\\Tooltip.ts","statementMap":{"0":{"start":{"line":1,"column":0},"end":{"line":1,"column":54}},"1":{"start":{"line":2,"column":0},"end":{"line":2,"column":52}},"2":{"start":{"line":10,"column":4},"end":{"line":10,"column":12}},"3":{"start":{"line":12,"column":4},"end":{"line":12,"column":25}},"4":{"start":{"line":13,"column":4},"end":{"line":13,"column":70}},"5":{"start":{"line":14,"column":4},"end":{"line":14,"column":16}},"6":{"start":{"line":22,"column":8},"end":{"line":22,"column":11}},"7":{"start":{"line":23,"column":4},"end":{"line":27,"column":null}},"8":{"start":{"line":24,"column":6},"end":{"line":24,"column":59}},"9":{"start":{"line":26,"column":6},"end":{"line":26,"column":58}},"10":{"start":{"line":29,"column":4},"end":{"line":35,"column":null}},"11":{"start":{"line":30,"column":6},"end":{"line":30,"column":43}},"12":{"start":{"line":31,"column":11},"end":{"line":35,"column":null}},"13":{"start":{"line":32,"column":6},"end":{"line":32,"column":43}},"14":{"start":{"line":34,"column":6},"end":{"line":34,"column":40}},"15":{"start":{"line":39,"column":4},"end":{"line":39,"column":42}},"16":{"start":{"line":43,"column":4},"end":{"line":43,"column":24}},"17":{"start":{"line":47,"column":0},"end":{"line":47,"column":23}}},"fnMap":{"0":{"name":"(anonymous_1)","decl":{"start":{"line":9,"column":2},"end":{"line":9,"column":14}},"loc":{"start":{"line":9,"column":33},"end":{"line":15,"column":3}}},"1":{"name":"(anonymous_2)","decl":{"start":{"line":17,"column":9},"end":{"line":17,"column":22}},"loc":{"start":{"line":18,"column":74},"end":{"line":36,"column":3}}},"2":{"name":"(anonymous_3)","decl":{"start":{"line":38,"column":10},"end":{"line":38,"column":14}},"loc":{"start":{"line":38,"column":14},"end":{"line":40,"column":3}}},"3":{"name":"(anonymous_4)","decl":{"start":{"line":42,"column":9},"end":{"line":42,"column":19}},"loc":{"start":{"line":42,"column":19},"end":{"line":44,"column":3}}}},"branchMap":{"0":{"loc":{"start":{"line":23,"column":4},"end":{"line":27,"column":null}},"type":"if","locations":[{"start":{"line":23,"column":4},"end":{"line":27,"column":null}},{"start":{"line":23,"column":4},"end":{"line":27,"column":null}}]},"1":{"loc":{"start":{"line":29,"column":4},"end":{"line":35,"column":null}},"type":"if","locations":[{"start":{"line":29,"column":4},"end":{"line":35,"column":null}},{"start":{"line":29,"column":4},"end":{"line":35,"column":null}}]},"2":{"loc":{"start":{"line":31,"column":11},"end":{"line":35,"column":null}},"type":"if","locations":[{"start":{"line":31,"column":11},"end":{"line":35,"column":null}},{"start":{"line":31,"column":11},"end":{"line":35,"column":null}}]}},"s":{"0":1,"1":1,"2":3,"3":3,"4":3,"5":3,"6":0,"7":0,"8":0,"9":0,"10":0,"11":0,"12":0,"13":0,"14":0,"15":3,"16":0,"17":1},"f":{"0":3,"1":0,"2":3,"3":0},"b":{"0":[0,0],"1":[0,0],"2":[0,0]}}
,"D:\\AxeSnk\\Frontend\\projects\\practices\\slider\\src\\MVP\\utils\\EventEmitter.ts": {"path":"D:\\AxeSnk\\Frontend\\projects\\practices\\slider\\src\\MVP\\utils\\EventEmitter.ts","statementMap":{"0":{"start":{"line":7,"column":4},"end":{"line":7,"column":21}},"1":{"start":{"line":8,"column":4},"end":{"line":8,"column":33}},"2":{"start":{"line":9,"column":4},"end":{"line":9,"column":37}},"3":{"start":{"line":13,"column":4},"end":{"line":13,"column":48}},"4":{"start":{"line":14,"column":4},"end":{"line":14,"column":37}},"5":{"start":{"line":18,"column":4},"end":{"line":20,"column":null}},"6":{"start":{"line":19,"column":6},"end":{"line":19,"column":61}},"7":{"start":{"line":19,"column":46},"end":{"line":19,"column":59}},"8":{"start":{"line":24,"column":0},"end":{"line":24,"column":28}}},"fnMap":{"0":{"name":"(anonymous_0)","decl":{"start":{"line":6,"column":2},"end":{"line":6,"column":null}},"loc":{"start":{"line":6,"column":2},"end":{"line":10,"column":3}}},"1":{"name":"(anonymous_1)","decl":{"start":{"line":12,"column":9},"end":{"line":12,"column":11}},"loc":{"start":{"line":12,"column":44},"end":{"line":15,"column":3}}},"2":{"name":"(anonymous_2)","decl":{"start":{"line":17,"column":9},"end":{"line":17,"column":13}},"loc":{"start":{"line":17,"column":37},"end":{"line":21,"column":3}}},"3":{"name":"(anonymous_3)","decl":{"start":{"line":19,"column":32},"end":{"line":19,"column":33}},"loc":{"start":{"line":19,"column":46},"end":{"line":19,"column":59}}}},"branchMap":{"0":{"loc":{"start":{"line":13,"column":24},"end":{"line":13,"column":41}},"type":"binary-expr","locations":[{"start":{"line":13,"column":24},"end":{"line":13,"column":41}},{"start":{"line":13,"column":45},"end":{"line":13,"column":47}}]},"1":{"loc":{"start":{"line":18,"column":4},"end":{"line":20,"column":null}},"type":"if","locations":[{"start":{"line":18,"column":4},"end":{"line":20,"column":null}},{"start":{"line":18,"column":4},"end":{"line":20,"column":null}}]}},"s":{"0":7,"1":7,"2":7,"3":0,"4":0,"5":0,"6":0,"7":0,"8":2},"f":{"0":7,"1":0,"2":0,"3":0},"b":{"0":[0,0],"1":[0,0]}}
,"D:\\AxeSnk\\Frontend\\projects\\practices\\slider\\src\\MVP\\utils\\createElement.ts": {"path":"D:\\AxeSnk\\Frontend\\projects\\practices\\slider\\src\\MVP\\utils\\createElement.ts","statementMap":{"0":{"start":{"line":2,"column":31},"end":{"line":2,"column":58}},"1":{"start":{"line":4,"column":2},"end":{"line":4,"column":77}},"2":{"start":{"line":4,"column":38},"end":{"line":4,"column":75}},"3":{"start":{"line":6,"column":2},"end":{"line":6,"column":17}},"4":{"start":{"line":9,"column":0},"end":{"line":9,"column":29}}},"fnMap":{"0":{"name":"createElement","decl":{"start":{"line":1,"column":9},"end":{"line":1,"column":22}},"loc":{"start":{"line":1,"column":68},"end":{"line":7,"column":1}}},"1":{"name":"(anonymous_1)","decl":{"start":{"line":4,"column":29},"end":{"line":4,"column":30}},"loc":{"start":{"line":4,"column":38},"end":{"line":4,"column":75}}}},"branchMap":{},"s":{"0":12,"1":12,"2":12,"3":12,"4":3},"f":{"0":12,"1":12},"b":{}}
,"D:\\AxeSnk\\Frontend\\projects\\practices\\slider\\src\\MVP\\utils\\defaultOptions.ts": {"path":"D:\\AxeSnk\\Frontend\\projects\\practices\\slider\\src\\MVP\\utils\\defaultOptions.ts","statementMap":{"0":{"start":{"line":3,"column":33},"end":{"line":13,"column":2}},"1":{"start":{"line":15,"column":0},"end":{"line":15,"column":30}}},"fnMap":{},"branchMap":{},"s":{"0":2,"1":2},"f":{},"b":{}}
}
