TN:
SF:src\MVP\View\Fill\Fill.ts
FN:11,(anonymous_1)
FN:18,(anonymous_2)
FN:49,(anonymous_3)
FN:53,(anonymous_4)
FNF:4
FNH:4
FNDA:5,(anonymous_1)
FNDA:4,(anonymous_2)
FNDA:5,(anonymous_3)
FNDA:5,(anonymous_4)
DA:1,1
DA:12,5
DA:13,5
DA:14,5
DA:15,5
DA:21,4
DA:22,4
DA:25,4
DA:27,4
DA:28,4
DA:30,4
DA:31,2
DA:32,2
DA:33,2
DA:34,2
DA:35,2
DA:36,1
DA:39,2
DA:40,2
DA:41,2
DA:42,2
DA:43,2
DA:44,1
DA:50,5
DA:54,5
DA:58,1
LF:26
LH:26
BRDA:23,0,0,2
BRDA:23,0,1,2
BRDA:30,1,0,2
BRDA:30,1,1,2
BRDA:35,2,0,1
BRDA:35,2,1,1
BRDA:43,3,0,1
BRDA:43,3,1,1
BRF:8
BRH:8
end_of_record
TN:
SF:src\MVP\View\Handle\Handle.ts
FN:16,(anonymous_1)
FN:27,(anonymous_2)
FN:33,(anonymous_3)
FN:66,(anonymous_4)
FN:73,(anonymous_5)
FN:77,(anonymous_6)
FN:81,(anonymous_7)
FN:86,(anonymous_8)
FN:100,(anonymous_9)
FN:108,(anonymous_10)
FN:116,(anonymous_11)
FN:130,(anonymous_12)
FN:144,(anonymous_13)
FNF:13
FNH:5
FNDA:3,(anonymous_1)
FNDA:0,(anonymous_2)
FNDA:2,(anonymous_3)
FNDA:0,(anonymous_4)
FNDA:3,(anonymous_5)
FNDA:3,(anonymous_6)
FNDA:3,(anonymous_7)
FNDA:0,(anonymous_8)
FNDA:0,(anonymous_9)
FNDA:0,(anonymous_10)
FNDA:0,(anonymous_11)
FNDA:0,(anonymous_12)
FNDA:0,(anonymous_13)
DA:1,1
DA:2,1
DA:3,1
DA:17,3
DA:19,3
DA:20,3
DA:21,3
DA:22,3
DA:23,3
DA:24,3
DA:30,0
DA:39,2
DA:40,1
DA:41,1
DA:42,1
DA:44,1
DA:45,0
DA:46,1
DA:47,0
DA:49,1
DA:52,1
DA:53,1
DA:54,1
DA:56,1
DA:57,0
DA:58,1
DA:59,0
DA:61,1
DA:67,0
DA:68,0
DA:70,0
DA:74,3
DA:78,3
DA:82,3
DA:83,3
DA:87,0
DA:88,0
DA:91,0
DA:94,0
DA:95,0
DA:96,0
DA:98,0
DA:100,0
DA:101,0
DA:102,0
DA:103,0
DA:106,0
DA:108,0
DA:109,0
DA:110,0
DA:113,0
DA:117,0
DA:118,0
DA:121,0
DA:124,0
DA:125,0
DA:126,0
DA:128,0
DA:130,0
DA:131,0
DA:135,0
DA:139,0
DA:142,0
DA:144,0
DA:145,0
DA:146,0
DA:149,0
DA:153,1
LF:68
LH:28
BRDA:39,0,0,1
BRDA:39,0,1,1
BRDA:44,1,0,0
BRDA:44,1,1,1
BRDA:46,2,0,0
BRDA:46,2,1,1
BRDA:56,3,0,0
BRDA:56,3,1,1
BRDA:58,4,0,0
BRDA:58,4,1,1
BRDA:67,5,0,0
BRDA:67,5,1,0
BRDA:89,6,0,0
BRDA:89,6,1,0
BRDA:92,7,0,0
BRDA:92,7,1,0
BRDA:119,8,0,0
BRDA:119,8,1,0
BRDA:122,9,0,0
BRDA:122,9,1,0
BRF:20
BRH:6
end_of_record
TN:
SF:src\MVP\View\Slider\Slider.ts
FN:11,(anonymous_1)
FN:20,(anonymous_2)
FN:28,(anonymous_3)
FN:35,(anonymous_4)
FN:42,(anonymous_5)
FN:46,(anonymous_6)
FN:50,(anonymous_7)
FN:54,(anonymous_8)
FNF:8
FNH:5
FNDA:1,(anonymous_1)
FNDA:2,(anonymous_2)
FNDA:0,(anonymous_3)
FNDA:0,(anonymous_4)
FNDA:3,(anonymous_5)
FNDA:1,(anonymous_6)
FNDA:1,(anonymous_7)
FNDA:0,(anonymous_8)
DA:1,1
DA:2,1
DA:12,1
DA:14,1
DA:15,1
DA:16,1
DA:17,1
DA:21,2
DA:22,1
DA:24,1
DA:29,0
DA:30,0
DA:32,0
DA:36,0
DA:37,0
DA:39,0
DA:43,3
DA:47,1
DA:51,1
DA:55,0
DA:56,0
DA:57,0
DA:58,0
DA:59,0
DA:61,0
DA:62,0
DA:64,0
DA:68,1
LF:28
LH:14
BRDA:21,0,0,1
BRDA:21,0,1,1
BRDA:29,1,0,0
BRDA:29,1,1,0
BRDA:36,2,0,0
BRDA:36,2,1,0
BRF:6
BRH:2
end_of_record
TN:
SF:src\MVP\View\Tooltip\Tooltip.ts
FN:9,(anonymous_1)
FN:17,(anonymous_2)
FN:38,(anonymous_3)
FN:42,(anonymous_4)
FNF:4
FNH:2
FNDA:3,(anonymous_1)
FNDA:0,(anonymous_2)
FNDA:3,(anonymous_3)
FNDA:0,(anonymous_4)
DA:1,1
DA:2,1
DA:10,3
DA:12,3
DA:13,3
DA:14,3
DA:22,0
DA:23,0
DA:24,0
DA:26,0
DA:29,0
DA:30,0
DA:31,0
DA:32,0
DA:34,0
DA:39,3
DA:43,0
DA:47,1
LF:18
LH:8
BRDA:23,0,0,0
BRDA:23,0,1,0
BRDA:29,1,0,0
BRDA:29,1,1,0
BRDA:31,2,0,0
BRDA:31,2,1,0
BRF:6
BRH:0
end_of_record
TN:
SF:src\MVP\utils\EventEmitter.ts
FN:6,(anonymous_0)
FN:12,(anonymous_1)
FN:17,(anonymous_2)
FN:19,(anonymous_3)
FNF:4
FNH:1
FNDA:7,(anonymous_0)
FNDA:0,(anonymous_1)
FNDA:0,(anonymous_2)
FNDA:0,(anonymous_3)
DA:7,7
DA:8,7
DA:9,7
DA:13,0
DA:14,0
DA:18,0
DA:19,0
DA:24,2
LF:8
LH:4
BRDA:13,0,0,0
BRDA:13,0,1,0
BRDA:18,1,0,0
BRDA:18,1,1,0
BRF:4
BRH:0
end_of_record
TN:
SF:src\MVP\utils\createElement.ts
FN:1,createElement
FN:4,(anonymous_1)
FNF:2
FNH:2
FNDA:12,createElement
FNDA:12,(anonymous_1)
DA:2,12
DA:4,12
DA:6,12
DA:9,3
LF:4
LH:4
BRF:0
BRH:0
end_of_record
TN:
SF:src\MVP\utils\defaultOptions.ts
FNF:0
FNH:0
DA:3,2
DA:15,2
LF:2
LH:2
BRF:0
BRH:0
end_of_record
